0 info it worked if it ends with ok
1 verbose cli [ '/usr/local/bin/node', '/usr/local/bin/npm', 'run', 'tsc' ]
2 info using npm@3.9.5
3 info using node@v6.2.2
4 verbose run-script [ 'pretsc', 'tsc', 'posttsc' ]
5 info lifecycle skeleton-ang2@0.0.0~pretsc: skeleton-ang2@0.0.0
6 silly lifecycle skeleton-ang2@0.0.0~pretsc: no script for pretsc, continuing
7 info lifecycle skeleton-ang2@0.0.0~tsc: skeleton-ang2@0.0.0
8 verbose lifecycle skeleton-ang2@0.0.0~tsc: unsafe-perm in lifecycle true
9 verbose lifecycle skeleton-ang2@0.0.0~tsc: PATH: /usr/local/lib/node_modules/npm/bin/node-gyp-bin:/home/james/PhpstormProjects/skeleton-ang2/node_modules/.bin:/usr/local/bin:/usr/local/sbin:/usr/local/bin:/usr/sbin:/usr/bin:/sbin:/bin:/snap/bin
10 verbose lifecycle skeleton-ang2@0.0.0~tsc: CWD: /home/james/PhpstormProjects/skeleton-ang2
11 silly lifecycle skeleton-ang2@0.0.0~tsc: Args: [ '-c', 'tsc --p client/tsconfig.json' ]
12 silly lifecycle skeleton-ang2@0.0.0~tsc: Returned: code: 2  signal: null
13 info lifecycle skeleton-ang2@0.0.0~tsc: Failed to exec tsc script
14 verbose stack Error: skeleton-ang2@0.0.0 tsc: `tsc --p client/tsconfig.json`
14 verbose stack Exit status 2
14 verbose stack     at EventEmitter.<anonymous> (/usr/local/lib/node_modules/npm/lib/utils/lifecycle.js:245:16)
14 verbose stack     at emitTwo (events.js:106:13)
14 verbose stack     at EventEmitter.emit (events.js:191:7)
14 verbose stack     at ChildProcess.<anonymous> (/usr/local/lib/node_modules/npm/lib/utils/spawn.js:24:14)
14 verbose stack     at emitTwo (events.js:106:13)
14 verbose stack     at ChildProcess.emit (events.js:191:7)
14 verbose stack     at maybeClose (internal/child_process.js:852:16)
14 verbose stack     at Process.ChildProcess._handle.onexit (internal/child_process.js:215:5)
15 verbose pkgid skeleton-ang2@0.0.0
16 verbose cwd /home/james/PhpstormProjects/skeleton-ang2
17 error Linux 4.4.0-47-generic
18 error argv "/usr/local/bin/node" "/usr/local/bin/npm" "run" "tsc"
19 error node v6.2.2
20 error npm  v3.9.5
21 error code ELIFECYCLE
22 error skeleton-ang2@0.0.0 tsc: `tsc --p client/tsconfig.json`
22 error Exit status 2
23 error Failed at the skeleton-ang2@0.0.0 tsc script 'tsc --p client/tsconfig.json'.
23 error Make sure you have the latest version of node.js and npm installed.
23 error If you do, this is most likely a problem with the skeleton-ang2 package,
23 error not with npm itself.
23 error Tell the author that this fails on your system:
23 error     tsc --p client/tsconfig.json
23 error You can get information on how to open an issue for this project with:
23 error     npm bugs skeleton-ang2
23 error Or if that isn't available, you can get their info via:
23 error     npm owner ls skeleton-ang2
23 error There is likely additional logging output above.
24 verbose exit [ 1, true ]
